2023-05-30 23:39:10,646 DEBUG logging.InternalLoggerFactory [main] Using Log4J2 as the default logging framework
2023-05-30 23:39:10,656 DEBUG util.ResourceLeakDetector [main] -Dio.netty.leakDetection.level: simple
2023-05-30 23:39:10,657 DEBUG util.ResourceLeakDetector [main] -Dio.netty.leakDetection.targetRecords: 4
2023-05-30 23:39:10,663 DEBUG util.ResourceLeakDetectorFactory [main] Loaded default ResourceLeakDetector: io.netty.util.ResourceLeakDetector@1b32cd16
2023-05-30 23:39:10,684 DEBUG internal.PlatformDependent0 [main] -Dio.netty.noUnsafe: false
2023-05-30 23:39:10,685 DEBUG internal.PlatformDependent0 [main] Java version: 19
2023-05-30 23:39:10,687 DEBUG internal.PlatformDependent0 [main] sun.misc.Unsafe.theUnsafe: available
2023-05-30 23:39:10,688 DEBUG internal.PlatformDependent0 [main] sun.misc.Unsafe.copyMemory: available
2023-05-30 23:39:10,689 DEBUG internal.PlatformDependent0 [main] sun.misc.Unsafe.storeFence: available
2023-05-30 23:39:10,691 DEBUG internal.PlatformDependent0 [main] java.nio.Buffer.address: available
2023-05-30 23:39:10,692 DEBUG internal.PlatformDependent0 [main] direct buffer constructor: unavailable
java.lang.UnsupportedOperationException: Reflective setAccessible(true) disabled
	at io.netty.util.internal.ReflectionUtil.trySetAccessible(ReflectionUtil.java:31) ~[netty-common-4.1.90.Final.jar:4.1.90.Final]
	at io.netty.util.internal.PlatformDependent0$5.run(PlatformDependent0.java:288) ~[netty-common-4.1.90.Final.jar:4.1.90.Final]
	at java.security.AccessController.doPrivileged(AccessController.java:318) ~[?:?]
	at io.netty.util.internal.PlatformDependent0.<clinit>(PlatformDependent0.java:282) ~[netty-common-4.1.90.Final.jar:4.1.90.Final]
	at io.netty.util.internal.PlatformDependent.isAndroid(PlatformDependent.java:333) ~[netty-common-4.1.90.Final.jar:4.1.90.Final]
	at io.netty.util.internal.PlatformDependent.<clinit>(PlatformDependent.java:88) ~[netty-common-4.1.90.Final.jar:4.1.90.Final]
	at io.netty.util.HashedWheelTimer.<init>(HashedWheelTimer.java:114) ~[netty-common-4.1.90.Final.jar:4.1.90.Final]
	at io.netty.util.HashedWheelTimer.<init>(HashedWheelTimer.java:251) ~[netty-common-4.1.90.Final.jar:4.1.90.Final]
	at io.netty.util.HashedWheelTimer.<init>(HashedWheelTimer.java:224) ~[netty-common-4.1.90.Final.jar:4.1.90.Final]
	at io.netty.util.HashedWheelTimer.<init>(HashedWheelTimer.java:203) ~[netty-common-4.1.90.Final.jar:4.1.90.Final]
	at org.asynchttpclient.DefaultAsyncHttpClient.newNettyTimer(DefaultAsyncHttpClient.java:111) ~[async-http-client-2.12.3.jar:?]
	at org.asynchttpclient.DefaultAsyncHttpClient.<init>(DefaultAsyncHttpClient.java:90) ~[async-http-client-2.12.3.jar:?]
	at org.asynchttpclient.Dsl.asyncHttpClient(Dsl.java:32) ~[async-http-client-2.12.3.jar:?]
	at org.openqa.selenium.remote.http.netty.NettyClient.createHttpClient(NettyClient.java:94) ~[selenium-remote-driver-4.8.2.jar:?]
	at org.openqa.selenium.remote.http.netty.NettyClient.<clinit>(NettyClient.java:47) ~[selenium-remote-driver-4.8.2.jar:?]
	at org.openqa.selenium.remote.http.netty.NettyClient$Factory.createClient(NettyClient.java:135) ~[selenium-remote-driver-4.8.2.jar:?]
	at org.openqa.selenium.remote.HttpCommandExecutor.<init>(HttpCommandExecutor.java:116) ~[selenium-remote-driver-4.8.2.jar:?]
	at org.openqa.selenium.remote.HttpCommandExecutor.<init>(HttpCommandExecutor.java:94) ~[selenium-remote-driver-4.8.2.jar:?]
	at org.openqa.selenium.remote.service.DriverCommandExecutor.<init>(DriverCommandExecutor.java:88) ~[selenium-remote-driver-4.8.2.jar:?]
	at org.openqa.selenium.chromium.ChromiumDriverCommandExecutor.<init>(ChromiumDriverCommandExecutor.java:40) ~[selenium-chromium-driver-4.8.2.jar:?]
	at org.openqa.selenium.chrome.ChromeDriver$ChromeDriverCommandExecutor.<init>(ChromeDriver.java:111) ~[selenium-chrome-driver-4.8.2.jar:?]
	at org.openqa.selenium.chrome.ChromeDriver.generateExecutor(ChromeDriver.java:101) ~[selenium-chrome-driver-4.8.2.jar:?]
	at org.openqa.selenium.chrome.ChromeDriver.<init>(ChromeDriver.java:88) ~[selenium-chrome-driver-4.8.2.jar:?]
	at org.openqa.selenium.chrome.ChromeDriver.<init>(ChromeDriver.java:84) ~[selenium-chrome-driver-4.8.2.jar:?]
	at org.openqa.selenium.chrome.ChromeDriver.<init>(ChromeDriver.java:52) ~[selenium-chrome-driver-4.8.2.jar:?]
	at driver.DriverSingleton.getDriver(DriverSingleton.java:24) ~[test-classes/:?]
	at test.CommonConditions.setUp(CommonConditions.java:16) ~[test-classes/:?]
	at jdk.internal.reflect.DirectMethodHandleAccessor.invoke(DirectMethodHandleAccessor.java:104) ~[?:?]
	at java.lang.reflect.Method.invoke(Method.java:578) ~[?:?]
	at org.testng.internal.invokers.MethodInvocationHelper.invokeMethod(MethodInvocationHelper.java:139) ~[testng-7.7.0.jar:7.7.0]
	at org.testng.internal.invokers.MethodInvocationHelper.invokeMethodConsideringTimeout(MethodInvocationHelper.java:69) ~[testng-7.7.0.jar:7.7.0]
	at org.testng.internal.invokers.ConfigInvoker.invokeConfigurationMethod(ConfigInvoker.java:361) ~[testng-7.7.0.jar:7.7.0]
	at org.testng.internal.invokers.ConfigInvoker.invokeConfigurations(ConfigInvoker.java:296) ~[testng-7.7.0.jar:7.7.0]
	at org.testng.internal.invokers.TestMethodWorker.invokeBeforeClassMethods(TestMethodWorker.java:180) ~[testng-7.7.0.jar:7.7.0]
	at org.testng.internal.invokers.TestMethodWorker.run(TestMethodWorker.java:122) ~[testng-7.7.0.jar:7.7.0]
	at java.util.ArrayList.forEach(ArrayList.java:1511) [?:?]
	at org.testng.TestRunner.privateRun(TestRunner.java:829) [testng-7.7.0.jar:7.7.0]
	at org.testng.TestRunner.run(TestRunner.java:602) [testng-7.7.0.jar:7.7.0]
	at org.testng.SuiteRunner.runTest(SuiteRunner.java:437) [testng-7.7.0.jar:7.7.0]
	at org.testng.SuiteRunner.runSequentially(SuiteRunner.java:431) [testng-7.7.0.jar:7.7.0]
	at org.testng.SuiteRunner.privateRun(SuiteRunner.java:391) [testng-7.7.0.jar:7.7.0]
	at org.testng.SuiteRunner.run(SuiteRunner.java:330) [testng-7.7.0.jar:7.7.0]
	at org.testng.SuiteRunnerWorker.runSuite(SuiteRunnerWorker.java:52) [testng-7.7.0.jar:7.7.0]
	at org.testng.SuiteRunnerWorker.run(SuiteRunnerWorker.java:95) [testng-7.7.0.jar:7.7.0]
	at org.testng.TestNG.runSuitesSequentially(TestNG.java:1256) [testng-7.7.0.jar:7.7.0]
	at org.testng.TestNG.runSuitesLocally(TestNG.java:1176) [testng-7.7.0.jar:7.7.0]
	at org.testng.TestNG.runSuites(TestNG.java:1099) [testng-7.7.0.jar:7.7.0]
	at org.testng.TestNG.run(TestNG.java:1067) [testng-7.7.0.jar:7.7.0]
	at org.apache.maven.surefire.testng.TestNGExecutor.run(TestNGExecutor.java:324) [surefire-testng-3.0.0-M7.jar:3.0.0-M7]
	at org.apache.maven.surefire.testng.TestNGXmlTestSuite.execute(TestNGXmlTestSuite.java:74) [surefire-testng-3.0.0-M7.jar:3.0.0-M7]
	at org.apache.maven.surefire.testng.TestNGProvider.invoke(TestNGProvider.java:123) [surefire-testng-3.0.0-M7.jar:3.0.0-M7]
	at org.apache.maven.surefire.booter.ForkedBooter.runSuitesInProcess(ForkedBooter.java:456) [surefire-booter-3.0.0-M7.jar:3.0.0-M7]
	at org.apache.maven.surefire.booter.ForkedBooter.execute(ForkedBooter.java:169) [surefire-booter-3.0.0-M7.jar:3.0.0-M7]
	at org.apache.maven.surefire.booter.ForkedBooter.run(ForkedBooter.java:595) [surefire-booter-3.0.0-M7.jar:3.0.0-M7]
	at org.apache.maven.surefire.booter.ForkedBooter.main(ForkedBooter.java:581) [surefire-booter-3.0.0-M7.jar:3.0.0-M7]
2023-05-30 23:39:10,714 DEBUG internal.PlatformDependent0 [main] java.nio.Bits.unaligned: available, true
2023-05-30 23:39:10,716 DEBUG internal.PlatformDependent0 [main] jdk.internal.misc.Unsafe.allocateUninitializedArray(int): unavailable
java.lang.IllegalAccessException: class io.netty.util.internal.PlatformDependent0$7 cannot access class jdk.internal.misc.Unsafe (in module java.base) because module java.base does not export jdk.internal.misc to unnamed module @27ae2fd0
	at jdk.internal.reflect.Reflection.newIllegalAccessException(Reflection.java:420) ~[?:?]
	at java.lang.reflect.AccessibleObject.checkAccess(AccessibleObject.java:709) ~[?:?]
	at java.lang.reflect.Method.invoke(Method.java:569) ~[?:?]
	at io.netty.util.internal.PlatformDependent0$7.run(PlatformDependent0.java:410) ~[netty-common-4.1.90.Final.jar:4.1.90.Final]
	at java.security.AccessController.doPrivileged(AccessController.java:318) ~[?:?]
	at io.netty.util.internal.PlatformDependent0.<clinit>(PlatformDependent0.java:401) ~[netty-common-4.1.90.Final.jar:4.1.90.Final]
	at io.netty.util.internal.PlatformDependent.isAndroid(PlatformDependent.java:333) ~[netty-common-4.1.90.Final.jar:4.1.90.Final]
	at io.netty.util.internal.PlatformDependent.<clinit>(PlatformDependent.java:88) ~[netty-common-4.1.90.Final.jar:4.1.90.Final]
	at io.netty.util.HashedWheelTimer.<init>(HashedWheelTimer.java:114) ~[netty-common-4.1.90.Final.jar:4.1.90.Final]
	at io.netty.util.HashedWheelTimer.<init>(HashedWheelTimer.java:251) ~[netty-common-4.1.90.Final.jar:4.1.90.Final]
	at io.netty.util.HashedWheelTimer.<init>(HashedWheelTimer.java:224) ~[netty-common-4.1.90.Final.jar:4.1.90.Final]
	at io.netty.util.HashedWheelTimer.<init>(HashedWheelTimer.java:203) ~[netty-common-4.1.90.Final.jar:4.1.90.Final]
	at org.asynchttpclient.DefaultAsyncHttpClient.newNettyTimer(DefaultAsyncHttpClient.java:111) ~[async-http-client-2.12.3.jar:?]
	at org.asynchttpclient.DefaultAsyncHttpClient.<init>(DefaultAsyncHttpClient.java:90) ~[async-http-client-2.12.3.jar:?]
	at org.asynchttpclient.Dsl.asyncHttpClient(Dsl.java:32) ~[async-http-client-2.12.3.jar:?]
	at org.openqa.selenium.remote.http.netty.NettyClient.createHttpClient(NettyClient.java:94) ~[selenium-remote-driver-4.8.2.jar:?]
	at org.openqa.selenium.remote.http.netty.NettyClient.<clinit>(NettyClient.java:47) ~[selenium-remote-driver-4.8.2.jar:?]
	at org.openqa.selenium.remote.http.netty.NettyClient$Factory.createClient(NettyClient.java:135) ~[selenium-remote-driver-4.8.2.jar:?]
	at org.openqa.selenium.remote.HttpCommandExecutor.<init>(HttpCommandExecutor.java:116) ~[selenium-remote-driver-4.8.2.jar:?]
	at org.openqa.selenium.remote.HttpCommandExecutor.<init>(HttpCommandExecutor.java:94) ~[selenium-remote-driver-4.8.2.jar:?]
	at org.openqa.selenium.remote.service.DriverCommandExecutor.<init>(DriverCommandExecutor.java:88) ~[selenium-remote-driver-4.8.2.jar:?]
	at org.openqa.selenium.chromium.ChromiumDriverCommandExecutor.<init>(ChromiumDriverCommandExecutor.java:40) ~[selenium-chromium-driver-4.8.2.jar:?]
	at org.openqa.selenium.chrome.ChromeDriver$ChromeDriverCommandExecutor.<init>(ChromeDriver.java:111) ~[selenium-chrome-driver-4.8.2.jar:?]
	at org.openqa.selenium.chrome.ChromeDriver.generateExecutor(ChromeDriver.java:101) ~[selenium-chrome-driver-4.8.2.jar:?]
	at org.openqa.selenium.chrome.ChromeDriver.<init>(ChromeDriver.java:88) ~[selenium-chrome-driver-4.8.2.jar:?]
	at org.openqa.selenium.chrome.ChromeDriver.<init>(ChromeDriver.java:84) ~[selenium-chrome-driver-4.8.2.jar:?]
	at org.openqa.selenium.chrome.ChromeDriver.<init>(ChromeDriver.java:52) ~[selenium-chrome-driver-4.8.2.jar:?]
	at driver.DriverSingleton.getDriver(DriverSingleton.java:24) ~[test-classes/:?]
	at test.CommonConditions.setUp(CommonConditions.java:16) ~[test-classes/:?]
	at jdk.internal.reflect.DirectMethodHandleAccessor.invoke(DirectMethodHandleAccessor.java:104) ~[?:?]
	at java.lang.reflect.Method.invoke(Method.java:578) ~[?:?]
	at org.testng.internal.invokers.MethodInvocationHelper.invokeMethod(MethodInvocationHelper.java:139) ~[testng-7.7.0.jar:7.7.0]
	at org.testng.internal.invokers.MethodInvocationHelper.invokeMethodConsideringTimeout(MethodInvocationHelper.java:69) ~[testng-7.7.0.jar:7.7.0]
	at org.testng.internal.invokers.ConfigInvoker.invokeConfigurationMethod(ConfigInvoker.java:361) ~[testng-7.7.0.jar:7.7.0]
	at org.testng.internal.invokers.ConfigInvoker.invokeConfigurations(ConfigInvoker.java:296) ~[testng-7.7.0.jar:7.7.0]
	at org.testng.internal.invokers.TestMethodWorker.invokeBeforeClassMethods(TestMethodWorker.java:180) ~[testng-7.7.0.jar:7.7.0]
	at org.testng.internal.invokers.TestMethodWorker.run(TestMethodWorker.java:122) ~[testng-7.7.0.jar:7.7.0]
	at java.util.ArrayList.forEach(ArrayList.java:1511) [?:?]
	at org.testng.TestRunner.privateRun(TestRunner.java:829) [testng-7.7.0.jar:7.7.0]
	at org.testng.TestRunner.run(TestRunner.java:602) [testng-7.7.0.jar:7.7.0]
	at org.testng.SuiteRunner.runTest(SuiteRunner.java:437) [testng-7.7.0.jar:7.7.0]
	at org.testng.SuiteRunner.runSequentially(SuiteRunner.java:431) [testng-7.7.0.jar:7.7.0]
	at org.testng.SuiteRunner.privateRun(SuiteRunner.java:391) [testng-7.7.0.jar:7.7.0]
	at org.testng.SuiteRunner.run(SuiteRunner.java:330) [testng-7.7.0.jar:7.7.0]
	at org.testng.SuiteRunnerWorker.runSuite(SuiteRunnerWorker.java:52) [testng-7.7.0.jar:7.7.0]
	at org.testng.SuiteRunnerWorker.run(SuiteRunnerWorker.java:95) [testng-7.7.0.jar:7.7.0]
	at org.testng.TestNG.runSuitesSequentially(TestNG.java:1256) [testng-7.7.0.jar:7.7.0]
	at org.testng.TestNG.runSuitesLocally(TestNG.java:1176) [testng-7.7.0.jar:7.7.0]
	at org.testng.TestNG.runSuites(TestNG.java:1099) [testng-7.7.0.jar:7.7.0]
	at org.testng.TestNG.run(TestNG.java:1067) [testng-7.7.0.jar:7.7.0]
	at org.apache.maven.surefire.testng.TestNGExecutor.run(TestNGExecutor.java:324) [surefire-testng-3.0.0-M7.jar:3.0.0-M7]
	at org.apache.maven.surefire.testng.TestNGXmlTestSuite.execute(TestNGXmlTestSuite.java:74) [surefire-testng-3.0.0-M7.jar:3.0.0-M7]
	at org.apache.maven.surefire.testng.TestNGProvider.invoke(TestNGProvider.java:123) [surefire-testng-3.0.0-M7.jar:3.0.0-M7]
	at org.apache.maven.surefire.booter.ForkedBooter.runSuitesInProcess(ForkedBooter.java:456) [surefire-booter-3.0.0-M7.jar:3.0.0-M7]
	at org.apache.maven.surefire.booter.ForkedBooter.execute(ForkedBooter.java:169) [surefire-booter-3.0.0-M7.jar:3.0.0-M7]
	at org.apache.maven.surefire.booter.ForkedBooter.run(ForkedBooter.java:595) [surefire-booter-3.0.0-M7.jar:3.0.0-M7]
	at org.apache.maven.surefire.booter.ForkedBooter.main(ForkedBooter.java:581) [surefire-booter-3.0.0-M7.jar:3.0.0-M7]
2023-05-30 23:39:10,719 DEBUG internal.PlatformDependent0 [main] java.nio.DirectByteBuffer.<init>(long, int): unavailable
2023-05-30 23:39:10,720 DEBUG internal.PlatformDependent [main] sun.misc.Unsafe: available
2023-05-30 23:39:10,721 DEBUG internal.PlatformDependent [main] maxDirectMemory: 2118123520 bytes (maybe)
2023-05-30 23:39:10,722 DEBUG internal.PlatformDependent [main] -Dio.netty.tmpdir: C:\Users\Asus\AppData\Local\Temp (java.io.tmpdir)
2023-05-30 23:39:10,722 DEBUG internal.PlatformDependent [main] -Dio.netty.bitMode: 64 (sun.arch.data.model)
2023-05-30 23:39:10,723 DEBUG internal.PlatformDependent [main] Platform: Windows
2023-05-30 23:39:10,724 DEBUG internal.PlatformDependent [main] -Dio.netty.maxDirectMemory: -1 bytes
2023-05-30 23:39:10,724 DEBUG internal.PlatformDependent [main] -Dio.netty.uninitializedArrayAllocationThreshold: -1
2023-05-30 23:39:10,726 DEBUG internal.CleanerJava9 [main] java.nio.ByteBuffer.cleaner(): available
2023-05-30 23:39:10,726 DEBUG internal.PlatformDependent [main] -Dio.netty.noPreferDirect: false
2023-05-30 23:39:10,733 DEBUG internal.PlatformDependent [main] org.jctools-core.MpscChunkedArrayQueue: available
2023-05-30 23:39:10,753 DEBUG internal.InternalThreadLocalMap [main] -Dio.netty.threadLocalMap.stringBuilder.initialSize: 1024
2023-05-30 23:39:10,753 DEBUG internal.InternalThreadLocalMap [main] -Dio.netty.threadLocalMap.stringBuilder.maxSize: 4096
2023-05-30 23:39:10,827 DEBUG ssl.JdkSslContext [main] Default protocols (JDK): [TLSv1.3, TLSv1.2] 
2023-05-30 23:39:10,827 DEBUG ssl.JdkSslContext [main] Default cipher suites (JDK): [TLS_ECDHE_ECDSA_WITH_AES_256_GCM_SHA384, TLS_ECDHE_ECDSA_WITH_AES_128_GCM_SHA256, TLS_ECDHE_RSA_WITH_AES_128_GCM_SHA256, TLS_ECDHE_RSA_WITH_AES_256_GCM_SHA384, TLS_ECDHE_RSA_WITH_AES_128_CBC_SHA, TLS_ECDHE_RSA_WITH_AES_256_CBC_SHA, TLS_RSA_WITH_AES_128_GCM_SHA256, TLS_RSA_WITH_AES_128_CBC_SHA, TLS_RSA_WITH_AES_256_CBC_SHA, TLS_AES_128_GCM_SHA256, TLS_AES_256_GCM_SHA384]
2023-05-30 23:39:10,840 DEBUG concurrent.GlobalEventExecutor [main] -Dio.netty.globalEventExecutor.quietPeriodSeconds: 1
2023-05-30 23:39:10,851 DEBUG channel.MultithreadEventLoopGroup [main] -Dio.netty.eventLoopThreads: 16
2023-05-30 23:39:10,859 DEBUG nio.NioEventLoop [main] -Dio.netty.noKeySetOptimization: false
2023-05-30 23:39:10,859 DEBUG nio.NioEventLoop [main] -Dio.netty.selectorAutoRebuildThreshold: 512
2023-05-30 23:39:10,870 TRACE nio.NioEventLoop [main] instrumented a special java.util.Set into: sun.nio.ch.WEPollSelectorImpl@3e1624c7
2023-05-30 23:39:10,872 TRACE nio.NioEventLoop [main] instrumented a special java.util.Set into: sun.nio.ch.WEPollSelectorImpl@610df783
2023-05-30 23:39:10,873 TRACE nio.NioEventLoop [main] instrumented a special java.util.Set into: sun.nio.ch.WEPollSelectorImpl@f3fcd59
2023-05-30 23:39:10,875 TRACE nio.NioEventLoop [main] instrumented a special java.util.Set into: sun.nio.ch.WEPollSelectorImpl@2b56f5f8
2023-05-30 23:39:10,876 TRACE nio.NioEventLoop [main] instrumented a special java.util.Set into: sun.nio.ch.WEPollSelectorImpl@79d743e6
2023-05-30 23:39:10,878 TRACE nio.NioEventLoop [main] instrumented a special java.util.Set into: sun.nio.ch.WEPollSelectorImpl@776802b0
2023-05-30 23:39:10,880 TRACE nio.NioEventLoop [main] instrumented a special java.util.Set into: sun.nio.ch.WEPollSelectorImpl@64c4c01
2023-05-30 23:39:10,882 TRACE nio.NioEventLoop [main] instrumented a special java.util.Set into: sun.nio.ch.WEPollSelectorImpl@1aa99005
2023-05-30 23:39:10,883 TRACE nio.NioEventLoop [main] instrumented a special java.util.Set into: sun.nio.ch.WEPollSelectorImpl@592238c5
2023-05-30 23:39:10,885 TRACE nio.NioEventLoop [main] instrumented a special java.util.Set into: sun.nio.ch.WEPollSelectorImpl@6ee8dcd3
2023-05-30 23:39:10,887 TRACE nio.NioEventLoop [main] instrumented a special java.util.Set into: sun.nio.ch.WEPollSelectorImpl@a20b94b
2023-05-30 23:39:10,889 TRACE nio.NioEventLoop [main] instrumented a special java.util.Set into: sun.nio.ch.WEPollSelectorImpl@5cdf39b2
2023-05-30 23:39:10,890 TRACE nio.NioEventLoop [main] instrumented a special java.util.Set into: sun.nio.ch.WEPollSelectorImpl@14f3c6fc
2023-05-30 23:39:10,892 TRACE nio.NioEventLoop [main] instrumented a special java.util.Set into: sun.nio.ch.WEPollSelectorImpl@3cd59ef5
2023-05-30 23:39:10,893 TRACE nio.NioEventLoop [main] instrumented a special java.util.Set into: sun.nio.ch.WEPollSelectorImpl@33b082c5
2023-05-30 23:39:10,895 TRACE nio.NioEventLoop [main] instrumented a special java.util.Set into: sun.nio.ch.WEPollSelectorImpl@16073fa8
2023-05-30 23:39:10,914 DEBUG buffer.PooledByteBufAllocator [main] -Dio.netty.allocator.numHeapArenas: 16
2023-05-30 23:39:10,914 DEBUG buffer.PooledByteBufAllocator [main] -Dio.netty.allocator.numDirectArenas: 16
2023-05-30 23:39:10,915 DEBUG buffer.PooledByteBufAllocator [main] -Dio.netty.allocator.pageSize: 8192
2023-05-30 23:39:10,915 DEBUG buffer.PooledByteBufAllocator [main] -Dio.netty.allocator.maxOrder: 9
2023-05-30 23:39:10,916 DEBUG buffer.PooledByteBufAllocator [main] -Dio.netty.allocator.chunkSize: 4194304
2023-05-30 23:39:10,916 DEBUG buffer.PooledByteBufAllocator [main] -Dio.netty.allocator.smallCacheSize: 256
2023-05-30 23:39:10,916 DEBUG buffer.PooledByteBufAllocator [main] -Dio.netty.allocator.normalCacheSize: 64
2023-05-30 23:39:10,917 DEBUG buffer.PooledByteBufAllocator [main] -Dio.netty.allocator.maxCachedBufferCapacity: 32768
2023-05-30 23:39:10,917 DEBUG buffer.PooledByteBufAllocator [main] -Dio.netty.allocator.cacheTrimInterval: 8192
2023-05-30 23:39:10,917 DEBUG buffer.PooledByteBufAllocator [main] -Dio.netty.allocator.cacheTrimIntervalMillis: 0
2023-05-30 23:39:10,918 DEBUG buffer.PooledByteBufAllocator [main] -Dio.netty.allocator.useCacheForAllThreads: false
2023-05-30 23:39:10,918 DEBUG buffer.PooledByteBufAllocator [main] -Dio.netty.allocator.maxCachedByteBuffersPerChunk: 1023
2023-05-30 23:39:10,930 DEBUG buffer.ByteBufUtil [main] -Dio.netty.allocator.type: pooled
2023-05-30 23:39:10,930 DEBUG buffer.ByteBufUtil [main] -Dio.netty.threadLocalDirectBufferSize: 0
2023-05-30 23:39:10,931 DEBUG buffer.ByteBufUtil [main] -Dio.netty.maxThreadLocalCharBufferSize: 16384
2023-05-30 23:39:11,203 DEBUG channel.DefaultChannelId [Forwarding newSession on session null to remote] -Dio.netty.processId: 17348 (auto-detected)
2023-05-30 23:39:11,205 DEBUG util.NetUtil [Forwarding newSession on session null to remote] -Djava.net.preferIPv4Stack: false
2023-05-30 23:39:11,205 DEBUG util.NetUtil [Forwarding newSession on session null to remote] -Djava.net.preferIPv6Addresses: false
2023-05-30 23:39:11,214 DEBUG util.NetUtilInitializations [Forwarding newSession on session null to remote] Loopback interface: lo (Software Loopback Interface 1, 127.0.0.1)
2023-05-30 23:39:11,216 DEBUG util.NetUtil [Forwarding newSession on session null to remote] Failed to get SOMAXCONN from sysctl and file \proc\sys\net\core\somaxconn. Default: 200
2023-05-30 23:39:11,230 DEBUG channel.DefaultChannelId [Forwarding newSession on session null to remote] -Dio.netty.machineId: 60:f6:77:ff:fe:68:b3:ed (auto-detected)
2023-05-30 23:39:11,275 DEBUG buffer.AbstractByteBuf [AsyncHttpClient-1-2] -Dio.netty.buffer.checkAccessible: true
2023-05-30 23:39:11,276 DEBUG buffer.AbstractByteBuf [AsyncHttpClient-1-2] -Dio.netty.buffer.checkBounds: true
2023-05-30 23:39:11,276 DEBUG util.ResourceLeakDetectorFactory [AsyncHttpClient-1-2] Loaded default ResourceLeakDetector: io.netty.util.ResourceLeakDetector@47a479f
2023-05-30 23:39:11,298 DEBUG util.Recycler [AsyncHttpClient-1-2] -Dio.netty.recycler.maxCapacityPerThread: 4096
2023-05-30 23:39:11,298 DEBUG util.Recycler [AsyncHttpClient-1-2] -Dio.netty.recycler.ratio: 8
2023-05-30 23:39:11,298 DEBUG util.Recycler [AsyncHttpClient-1-2] -Dio.netty.recycler.chunkSize: 32
2023-05-30 23:39:11,299 DEBUG util.Recycler [AsyncHttpClient-1-2] -Dio.netty.recycler.blocking: false
2023-05-30 23:39:11,299 DEBUG util.Recycler [AsyncHttpClient-1-2] -Dio.netty.recycler.batchFastThreadLocalOnly: true
2023-05-30 23:39:12,032 DEBUG compression.Brotli [AsyncHttpClient-1-2] brotli4j not in the classpath; Brotli support will be unavailable.
2023-05-30 23:39:12,143 DEBUG internal.ThreadLocalRandom [main] -Dio.netty.initialSeedUniquifier: 0x099bd55c23cc98d4
2023-05-30 23:39:12,228 INFO  [main] Trying to open the Yopmail home page
2023-05-30 23:39:16,161 INFO  [main] The Yopmail home page has been opened
2023-05-30 23:39:16,161 INFO  [main] Trying to generate random email
2023-05-30 23:39:17,540 INFO  [main] Random email has been created
2023-05-30 23:39:17,830 INFO  [main] Trying to open the Google Cloud home page
2023-05-30 23:39:23,508 INFO  [main] The Google Cloud home page has been opened
2023-05-30 23:39:24,016 INFO  [main] Redirecting to the Google Cloud Pricing Calculator search page
2023-05-30 23:39:33,528 INFO  [main] Following the Google Pricing Calculator link
2023-05-30 23:39:33,682 INFO  [main] Redirected to the calculator frame
2023-05-30 23:39:33,993 INFO  [main] Number of instance field is filled
2023-05-30 23:39:34,922 INFO  [main] OS Software value has been chosen
2023-05-30 23:39:35,826 INFO  [main] Provisioning model has been chosen
2023-05-30 23:39:36,760 INFO  [main] Series type has been chosen
2023-05-30 23:39:37,761 INFO  [main] Machine type has been chosen
2023-05-30 23:39:38,041 INFO  [main] GPUs mark box has been ticked
2023-05-30 23:39:39,980 INFO  [main] GPUs type and number have been chosen
2023-05-30 23:39:40,914 INFO  [main] Local SSD value has been chosen
2023-05-30 23:39:41,907 INFO  [main] Datacenter location has been chosen
2023-05-30 23:39:42,859 INFO  [main] Committed usage duration has been chosen
2023-05-30 23:39:43,179 INFO  [main] Form has been estimated
2023-05-30 23:39:44,280 INFO  [main] Email with estimated cost has been send
2023-05-30 23:39:44,354 INFO  [main] Trying to check email box
2023-05-30 23:39:45,168 INFO  [main] Redirected to email box
2023-05-30 23:39:45,182 TRACE websocketx.WebSocket08FrameEncoder [AsyncHttpClient-1-4] Encoding WebSocket Frame opCode=8 length=26
