<?xml version="1.0" encoding="UTF-8"?>
<testng-results ignored="0" total="2" passed="1" failed="1" skipped="0">
  <reporter-output>
  </reporter-output>
  <suite started-at="2023-06-02T04:58:28 MSK" name="All tests" finished-at="2023-06-02T04:59:19 MSK" duration-ms="50698">
    <groups>
    </groups>
    <test started-at="2023-06-02T04:58:28 MSK" name="All tests" finished-at="2023-06-02T04:59:19 MSK" duration-ms="50698">
      <class name="test.YopmailURLTest">
        <test-method is-config="true" signature="setUp()[pri:0, instance:test.YopmailURLTest@48d5f34e]" started-at="2023-06-02T04:59:12 MSK" name="setUp" finished-at="2023-06-02T04:59:13 MSK" duration-ms="931" status="PASS">
          <reporter-output>
          </reporter-output>
        </test-method> <!-- setUp -->
        <test-method signature="urlTest()[pri:0, instance:test.YopmailURLTest@48d5f34e]" started-at="2023-06-02T04:59:13 MSK" name="urlTest" finished-at="2023-06-02T04:59:18 MSK" duration-ms="5093" status="PASS">
          <reporter-output>
          </reporter-output>
        </test-method> <!-- urlTest -->
        <test-method is-config="true" signature="configureModel()[pri:0, instance:test.YopmailURLTest@48d5f34e]" started-at="2023-06-02T04:59:13 MSK" name="configureModel" finished-at="2023-06-02T04:59:13 MSK" duration-ms="0" status="PASS">
          <reporter-output>
          </reporter-output>
        </test-method> <!-- configureModel -->
        <test-method is-config="true" signature="tearDown()[pri:0, instance:test.YopmailURLTest@48d5f34e]" started-at="2023-06-02T04:59:18 MSK" name="tearDown" finished-at="2023-06-02T04:59:19 MSK" duration-ms="1060" status="PASS">
          <reporter-output>
          </reporter-output>
        </test-method> <!-- tearDown -->
      </class> <!-- test.YopmailURLTest -->
      <class name="test.EmailAndCloudGooglePageCostComparisonTest">
        <test-method is-config="true" signature="setUp()[pri:0, instance:test.EmailAndCloudGooglePageCostComparisonTest@18920cc]" started-at="2023-06-02T04:58:28 MSK" name="setUp" finished-at="2023-06-02T04:58:31 MSK" duration-ms="2345" status="PASS">
          <reporter-output>
          </reporter-output>
        </test-method> <!-- setUp -->
        <test-method is-config="true" signature="configureModel()[pri:0, instance:test.EmailAndCloudGooglePageCostComparisonTest@18920cc]" started-at="2023-06-02T04:58:31 MSK" name="configureModel" finished-at="2023-06-02T04:58:31 MSK" duration-ms="8" status="PASS">
          <reporter-output>
          </reporter-output>
        </test-method> <!-- configureModel -->
        <test-method is-config="true" signature="pricingCalculatorConfiguration()[pri:0, instance:test.EmailAndCloudGooglePageCostComparisonTest@18920cc]" started-at="2023-06-02T04:58:31 MSK" name="pricingCalculatorConfiguration" finished-at="2023-06-02T04:59:11 MSK" duration-ms="40626" status="PASS">
          <reporter-output>
          </reporter-output>
        </test-method> <!-- pricingCalculatorConfiguration -->
        <test-method signature="estimatedCostTest()[pri:0, instance:test.EmailAndCloudGooglePageCostComparisonTest@18920cc]" started-at="2023-06-02T04:59:11 MSK" name="estimatedCostTest" finished-at="2023-06-02T04:59:11 MSK" duration-ms="15" status="FAIL">
          <exception class="java.lang.AssertionError">
            <message>
              <![CDATA[The estimated cost is incorrect! expected [USD 1,081.20] but found [USD 1,053.08]]]>
            </message>
            <full-stacktrace>
              <![CDATA[java.lang.AssertionError: The estimated cost is incorrect! expected [USD 1,081.20] but found [USD 1,053.08]
at org.testng.Assert.fail(Assert.java:110)
at org.testng.Assert.failNotEquals(Assert.java:1413)
at org.testng.Assert.assertEqualsImpl(Assert.java:149)
at org.testng.Assert.assertEquals(Assert.java:131)
at org.testng.Assert.assertEquals(Assert.java:655)
at test.EmailAndCloudGooglePageCostComparisonTest.estimatedCostTest(EmailAndCloudGooglePageCostComparisonTest.java:47)
at java.base/jdk.internal.reflect.DirectMethodHandleAccessor.invoke(DirectMethodHandleAccessor.java:104)
at java.base/java.lang.reflect.Method.invoke(Method.java:578)
at org.testng.internal.invokers.MethodInvocationHelper.invokeMethod(MethodInvocationHelper.java:139)
at org.testng.internal.invokers.TestInvoker.invokeMethod(TestInvoker.java:677)
at org.testng.internal.invokers.TestInvoker.invokeTestMethod(TestInvoker.java:221)
at org.testng.internal.invokers.MethodRunner.runInSequence(MethodRunner.java:50)
at org.testng.internal.invokers.TestInvoker$MethodInvocationAgent.invoke(TestInvoker.java:969)
at org.testng.internal.invokers.TestInvoker.invokeTestMethods(TestInvoker.java:194)
at org.testng.internal.invokers.TestMethodWorker.invokeTestMethods(TestMethodWorker.java:148)
at org.testng.internal.invokers.TestMethodWorker.run(TestMethodWorker.java:128)
at java.base/java.util.ArrayList.forEach(ArrayList.java:1511)
at org.testng.TestRunner.privateRun(TestRunner.java:829)
at org.testng.TestRunner.run(TestRunner.java:602)
at org.testng.SuiteRunner.runTest(SuiteRunner.java:437)
at org.testng.SuiteRunner.runSequentially(SuiteRunner.java:431)
at org.testng.SuiteRunner.privateRun(SuiteRunner.java:391)
at org.testng.SuiteRunner.run(SuiteRunner.java:330)
at org.testng.SuiteRunnerWorker.runSuite(SuiteRunnerWorker.java:52)
at org.testng.SuiteRunnerWorker.run(SuiteRunnerWorker.java:95)
at org.testng.TestNG.runSuitesSequentially(TestNG.java:1256)
at org.testng.TestNG.runSuitesLocally(TestNG.java:1176)
at org.testng.TestNG.runSuites(TestNG.java:1099)
at org.testng.TestNG.run(TestNG.java:1067)
at org.apache.maven.surefire.testng.TestNGExecutor.run(TestNGExecutor.java:324)
at org.apache.maven.surefire.testng.TestNGXmlTestSuite.execute(TestNGXmlTestSuite.java:74)
at org.apache.maven.surefire.testng.TestNGProvider.invoke(TestNGProvider.java:123)
at org.apache.maven.surefire.booter.ForkedBooter.runSuitesInProcess(ForkedBooter.java:456)
at org.apache.maven.surefire.booter.ForkedBooter.execute(ForkedBooter.java:169)
at org.apache.maven.surefire.booter.ForkedBooter.run(ForkedBooter.java:595)
at org.apache.maven.surefire.booter.ForkedBooter.main(ForkedBooter.java:581)
]]>
            </full-stacktrace>
          </exception> <!-- java.lang.AssertionError -->
          <reporter-output>
          </reporter-output>
        </test-method> <!-- estimatedCostTest -->
        <test-method is-config="true" signature="tearDown()[pri:0, instance:test.EmailAndCloudGooglePageCostComparisonTest@18920cc]" started-at="2023-06-02T04:59:12 MSK" name="tearDown" finished-at="2023-06-02T04:59:12 MSK" duration-ms="369" status="PASS">
          <reporter-output>
          </reporter-output>
        </test-method> <!-- tearDown -->
      </class> <!-- test.EmailAndCloudGooglePageCostComparisonTest -->
    </test> <!-- All tests -->
  </suite> <!-- All tests -->
</testng-results>
